<?xml version="1.0" encoding="UTF-8"?>
<!-- Generated by org.testng.reporters.JUnitReportReporter -->
<testsuite hostname="Nikoleta-PC" failures="0" tests="1" name="tests.SmokeTest1" time="80.693" errors="0" timestamp="2025-02-17T18:14:52 EET" skipped="0">
  <testcase classname="tests.SmokeTest1" name="performSmokeTest" time="80.693"/>
</testsuite> <!-- tests.SmokeTest1 -->
